ValidationError: The 'X-Forwarded-For' header is set but the Express 'trust proxy' setting is false (default). This could indicate a misconfiguration which would prevent express-rate-limit from accurately identifying users. See https://express-rate-limit.github.io/ERR_ERL_UNEXPECTED_X_FORWARDED_FOR/ for more information.
    at Object.xForwardedForHeader (/home9/opsrealt1/itarahome.2xinvestor.in/node_modules/express-rate-limit/dist/index.cjs:366:13)
    at wrappedValidations.<computed> [as xForwardedForHeader] (/home9/opsrealt1/itarahome.2xinvestor.in/node_modules/express-rate-limit/dist/index.cjs:680:22)
    at Object.keyGenerator (/home9/opsrealt1/itarahome.2xinvestor.in/node_modules/express-rate-limit/dist/index.cjs:783:20)
    at /home9/opsrealt1/itarahome.2xinvestor.in/node_modules/express-rate-limit/dist/index.cjs:844:32
    at process.processTicksAndRejections (node:internal/process/task_queues:105:5)
    at async /home9/opsrealt1/itarahome.2xinvestor.in/node_modules/express-rate-limit/dist/index.cjs:825:5 {
  code: 'ERR_ERL_UNEXPECTED_X_FORWARDED_FOR',
  help: 'https://express-rate-limit.github.io/ERR_ERL_UNEXPECTED_X_FORWARDED_FOR/'
}
ValidationError: The 'X-Forwarded-For' header is set but the Express 'trust proxy' setting is false (default). This could indicate a misconfiguration which would prevent express-rate-limit from accurately identifying users. See https://express-rate-limit.github.io/ERR_ERL_UNEXPECTED_X_FORWARDED_FOR/ for more information.
    at Object.xForwardedForHeader (/home9/opsrealt1/itarahome.2xinvestor.in/node_modules/express-rate-limit/dist/index.cjs:366:13)
    at wrappedValidations.<computed> [as xForwardedForHeader] (/home9/opsrealt1/itarahome.2xinvestor.in/node_modules/express-rate-limit/dist/index.cjs:680:22)
    at Object.keyGenerator (/home9/opsrealt1/itarahome.2xinvestor.in/node_modules/express-rate-limit/dist/index.cjs:783:20)
    at /home9/opsrealt1/itarahome.2xinvestor.in/node_modules/express-rate-limit/dist/index.cjs:844:32
    at async /home9/opsrealt1/itarahome.2xinvestor.in/node_modules/express-rate-limit/dist/index.cjs:825:5 {
  code: 'ERR_ERL_UNEXPECTED_X_FORWARDED_FOR',
  help: 'https://express-rate-limit.github.io/ERR_ERL_UNEXPECTED_X_FORWARDED_FOR/'
}
ValidationError: The 'X-Forwarded-For' header is set but the Express 'trust proxy' setting is false (default). This could indicate a misconfiguration which would prevent express-rate-limit from accurately identifying users. See https://express-rate-limit.github.io/ERR_ERL_UNEXPECTED_X_FORWARDED_FOR/ for more information.
    at Object.xForwardedForHeader (/home9/opsrealt1/itarahome.2xinvestor.in/node_modules/express-rate-limit/dist/index.cjs:366:13)
    at wrappedValidations.<computed> [as xForwardedForHeader] (/home9/opsrealt1/itarahome.2xinvestor.in/node_modules/express-rate-limit/dist/index.cjs:680:22)
    at Object.keyGenerator (/home9/opsrealt1/itarahome.2xinvestor.in/node_modules/express-rate-limit/dist/index.cjs:783:20)
    at /home9/opsrealt1/itarahome.2xinvestor.in/node_modules/express-rate-limit/dist/index.cjs:844:32
    at process.processTicksAndRejections (node:internal/process/task_queues:105:5)
    at async /home9/opsrealt1/itarahome.2xinvestor.in/node_modules/express-rate-limit/dist/index.cjs:825:5 {
  code: 'ERR_ERL_UNEXPECTED_X_FORWARDED_FOR',
  help: 'https://express-rate-limit.github.io/ERR_ERL_UNEXPECTED_X_FORWARDED_FOR/'
}
ValidationError: The 'X-Forwarded-For' header is set but the Express 'trust proxy' setting is false (default). This could indicate a misconfiguration which would prevent express-rate-limit from accurately identifying users. See https://express-rate-limit.github.io/ERR_ERL_UNEXPECTED_X_FORWARDED_FOR/ for more information.
    at Object.xForwardedForHeader (/home9/opsrealt1/itarahome.2xinvestor.in/node_modules/express-rate-limit/dist/index.cjs:366:13)
    at wrappedValidations.<computed> [as xForwardedForHeader] (/home9/opsrealt1/itarahome.2xinvestor.in/node_modules/express-rate-limit/dist/index.cjs:680:22)
    at Object.keyGenerator (/home9/opsrealt1/itarahome.2xinvestor.in/node_modules/express-rate-limit/dist/index.cjs:783:20)
    at /home9/opsrealt1/itarahome.2xinvestor.in/node_modules/express-rate-limit/dist/index.cjs:844:32
    at process.processTicksAndRejections (node:internal/process/task_queues:105:5)
    at async /home9/opsrealt1/itarahome.2xinvestor.in/node_modules/express-rate-limit/dist/index.cjs:825:5 {
  code: 'ERR_ERL_UNEXPECTED_X_FORWARDED_FOR',
  help: 'https://express-rate-limit.github.io/ERR_ERL_UNEXPECTED_X_FORWARDED_FOR/'
}
ValidationError: The 'X-Forwarded-For' header is set but the Express 'trust proxy' setting is false (default). This could indicate a misconfiguration which would prevent express-rate-limit from accurately identifying users. See https://express-rate-limit.github.io/ERR_ERL_UNEXPECTED_X_FORWARDED_FOR/ for more information.
    at Object.xForwardedForHeader (/home9/opsrealt1/itarahome.2xinvestor.in/node_modules/express-rate-limit/dist/index.cjs:366:13)
    at wrappedValidations.<computed> [as xForwardedForHeader] (/home9/opsrealt1/itarahome.2xinvestor.in/node_modules/express-rate-limit/dist/index.cjs:680:22)
    at Object.keyGenerator (/home9/opsrealt1/itarahome.2xinvestor.in/node_modules/express-rate-limit/dist/index.cjs:783:20)
    at /home9/opsrealt1/itarahome.2xinvestor.in/node_modules/express-rate-limit/dist/index.cjs:844:32
    at process.processTicksAndRejections (node:internal/process/task_queues:105:5)
    at async /home9/opsrealt1/itarahome.2xinvestor.in/node_modules/express-rate-limit/dist/index.cjs:825:5 {
  code: 'ERR_ERL_UNEXPECTED_X_FORWARDED_FOR',
  help: 'https://express-rate-limit.github.io/ERR_ERL_UNEXPECTED_X_FORWARDED_FOR/'
}
ValidationError: The 'X-Forwarded-For' header is set but the Express 'trust proxy' setting is false (default). This could indicate a misconfiguration which would prevent express-rate-limit from accurately identifying users. See https://express-rate-limit.github.io/ERR_ERL_UNEXPECTED_X_FORWARDED_FOR/ for more information.
    at Object.xForwardedForHeader (/home9/opsrealt1/itarahome.2xinvestor.in/node_modules/express-rate-limit/dist/index.cjs:366:13)
    at wrappedValidations.<computed> [as xForwardedForHeader] (/home9/opsrealt1/itarahome.2xinvestor.in/node_modules/express-rate-limit/dist/index.cjs:680:22)
    at Object.keyGenerator (/home9/opsrealt1/itarahome.2xinvestor.in/node_modules/express-rate-limit/dist/index.cjs:783:20)
    at /home9/opsrealt1/itarahome.2xinvestor.in/node_modules/express-rate-limit/dist/index.cjs:844:32
    at process.processTicksAndRejections (node:internal/process/task_queues:105:5)
    at async /home9/opsrealt1/itarahome.2xinvestor.in/node_modules/express-rate-limit/dist/index.cjs:825:5 {
  code: 'ERR_ERL_UNEXPECTED_X_FORWARDED_FOR',
  help: 'https://express-rate-limit.github.io/ERR_ERL_UNEXPECTED_X_FORWARDED_FOR/'
}
ValidationError: The 'X-Forwarded-For' header is set but the Express 'trust proxy' setting is false (default). This could indicate a misconfiguration which would prevent express-rate-limit from accurately identifying users. See https://express-rate-limit.github.io/ERR_ERL_UNEXPECTED_X_FORWARDED_FOR/ for more information.
    at Object.xForwardedForHeader (/home9/opsrealt1/itarahome.2xinvestor.in/node_modules/express-rate-limit/dist/index.cjs:366:13)
    at wrappedValidations.<computed> [as xForwardedForHeader] (/home9/opsrealt1/itarahome.2xinvestor.in/node_modules/express-rate-limit/dist/index.cjs:680:22)
    at Object.keyGenerator (/home9/opsrealt1/itarahome.2xinvestor.in/node_modules/express-rate-limit/dist/index.cjs:783:20)
    at /home9/opsrealt1/itarahome.2xinvestor.in/node_modules/express-rate-limit/dist/index.cjs:844:32
    at process.processTicksAndRejections (node:internal/process/task_queues:105:5)
    at async /home9/opsrealt1/itarahome.2xinvestor.in/node_modules/express-rate-limit/dist/index.cjs:825:5 {
  code: 'ERR_ERL_UNEXPECTED_X_FORWARDED_FOR',
  help: 'https://express-rate-limit.github.io/ERR_ERL_UNEXPECTED_X_FORWARDED_FOR/'
}
ValidationError: The 'X-Forwarded-For' header is set but the Express 'trust proxy' setting is false (default). This could indicate a misconfiguration which would prevent express-rate-limit from accurately identifying users. See https://express-rate-limit.github.io/ERR_ERL_UNEXPECTED_X_FORWARDED_FOR/ for more information.
    at Object.xForwardedForHeader (/home9/opsrealt1/itarahome.2xinvestor.in/node_modules/express-rate-limit/dist/index.cjs:366:13)
    at wrappedValidations.<computed> [as xForwardedForHeader] (/home9/opsrealt1/itarahome.2xinvestor.in/node_modules/express-rate-limit/dist/index.cjs:680:22)
    at Object.keyGenerator (/home9/opsrealt1/itarahome.2xinvestor.in/node_modules/express-rate-limit/dist/index.cjs:783:20)
    at /home9/opsrealt1/itarahome.2xinvestor.in/node_modules/express-rate-limit/dist/index.cjs:844:32
    at process.processTicksAndRejections (node:internal/process/task_queues:105:5)
    at async /home9/opsrealt1/itarahome.2xinvestor.in/node_modules/express-rate-limit/dist/index.cjs:825:5 {
  code: 'ERR_ERL_UNEXPECTED_X_FORWARDED_FOR',
  help: 'https://express-rate-limit.github.io/ERR_ERL_UNEXPECTED_X_FORWARDED_FOR/'
}
Update error: MongoServerError: Plan executor error during findAndModify :: caused by :: E11000 duplicate key error collection: itarahome.products index: slug_1 dup key: { slug: "plinthe" }
    at Connection.sendCommand (/home9/opsrealt1/itarahome.2xinvestor.in/node_modules/mongodb/lib/cmap/connection.js:320:27)
    at process.processTicksAndRejections (node:internal/process/task_queues:105:5)
    at async Connection.command (/home9/opsrealt1/itarahome.2xinvestor.in/node_modules/mongodb/lib/cmap/connection.js:344:26)
    at async Server.command (/home9/opsrealt1/itarahome.2xinvestor.in/node_modules/mongodb/lib/sdam/server.js:208:29)
    at async tryOperation (/home9/opsrealt1/itarahome.2xinvestor.in/node_modules/mongodb/lib/operations/execute_operation.js:215:32)
    at async executeOperation (/home9/opsrealt1/itarahome.2xinvestor.in/node_modules/mongodb/lib/operations/execute_operation.js:80:16)
    at async Collection.findOneAndUpdate (/home9/opsrealt1/itarahome.2xinvestor.in/node_modules/mongodb/lib/collection.js:544:16)
    at async model.Query._findOneAndUpdate (/home9/opsrealt1/itarahome.2xinvestor.in/node_modules/mongoose/lib/query.js:3543:13)
    at async model.Query.exec (/home9/opsrealt1/itarahome.2xinvestor.in/node_modules/mongoose/lib/query.js:4627:63)
    at async exports.updateProduct (/home9/opsrealt1/itarahome.2xinvestor.in/controllers/productController.js:226:21) {
  errorLabelSet: Set(0) {},
  errorResponse: {
    ok: 0,
    errmsg: 'Plan executor error during findAndModify :: caused by :: E11000 duplicate key error collection: itarahome.products index: slug_1 dup key: { slug: "plinthe" }',
    code: 11000,
    codeName: 'DuplicateKey',
    keyPattern: { slug: 1 },
    keyValue: { slug: 'plinthe' },
    '$clusterTime': {
      clusterTime: new Timestamp({ t: 1770042396, i: 4 }),
      signature: [Object]
    },
    operationTime: new Timestamp({ t: 1770042396, i: 2 })
  },
  ok: 0,
  code: 11000,
  codeName: 'DuplicateKey',
  keyPattern: { slug: 1 },
  keyValue: { slug: 'plinthe' },
  '$clusterTime': {
    clusterTime: new Timestamp({ t: 1770042396, i: 4 }),
    signature: {
      hash: Binary.createFromBase64('XhovqKLpxU8BqQM2CU/qO5e9CK8=', 0),
      keyId: new Long('7564051665888739330')
    }
  },
  operationTime: new Timestamp({ t: 1770042396, i: 2 })
}
Error: Only image files allowed
    at fileFilter (/home9/opsrealt1/itarahome.2xinvestor.in/middleware/upload.js:22:11)
    at wrappedFileFilter (/home9/opsrealt1/itarahome.2xinvestor.in/node_modules/multer/index.js:44:7)
    at Multipart.<anonymous> (/home9/opsrealt1/itarahome.2xinvestor.in/node_modules/multer/lib/make-middleware.js:132:7)
    at Multipart.emit (node:events:518:28)
    at HeaderParser.cb (/home9/opsrealt1/itarahome.2xinvestor.in/node_modules/busboy/lib/types/multipart.js:358:14)
    at HeaderParser.push (/home9/opsrealt1/itarahome.2xinvestor.in/node_modules/busboy/lib/types/multipart.js:162:20)
    at SBMH.ssCb [as _cb] (/home9/opsrealt1/itarahome.2xinvestor.in/node_modules/busboy/lib/types/multipart.js:394:37)
    at feed (/home9/opsrealt1/itarahome.2xinvestor.in/node_modules/streamsearch/lib/sbmh.js:248:10)
    at SBMH.push (/home9/opsrealt1/itarahome.2xinvestor.in/node_modules/streamsearch/lib/sbmh.js:104:16)
    at Multipart._write (/home9/opsrealt1/itarahome.2xinvestor.in/node_modules/busboy/lib/types/multipart.js:567:19)
Error: Only image files allowed
    at fileFilter (/home9/opsrealt1/itarahome.2xinvestor.in/middleware/upload.js:22:11)
    at wrappedFileFilter (/home9/opsrealt1/itarahome.2xinvestor.in/node_modules/multer/index.js:44:7)
    at Multipart.<anonymous> (/home9/opsrealt1/itarahome.2xinvestor.in/node_modules/multer/lib/make-middleware.js:132:7)
    at Multipart.emit (node:events:518:28)
    at HeaderParser.cb (/home9/opsrealt1/itarahome.2xinvestor.in/node_modules/busboy/lib/types/multipart.js:358:14)
    at HeaderParser.push (/home9/opsrealt1/itarahome.2xinvestor.in/node_modules/busboy/lib/types/multipart.js:162:20)
    at SBMH.ssCb [as _cb] (/home9/opsrealt1/itarahome.2xinvestor.in/node_modules/busboy/lib/types/multipart.js:394:37)
    at feed (/home9/opsrealt1/itarahome.2xinvestor.in/node_modules/streamsearch/lib/sbmh.js:248:10)
    at SBMH.push (/home9/opsrealt1/itarahome.2xinvestor.in/node_modules/streamsearch/lib/sbmh.js:104:16)
    at Multipart._write (/home9/opsrealt1/itarahome.2xinvestor.in/node_modules/busboy/lib/types/multipart.js:567:19)
Error: Only image files allowed
    at fileFilter (/home9/opsrealt1/itarahome.2xinvestor.in/middleware/upload.js:22:11)
    at wrappedFileFilter (/home9/opsrealt1/itarahome.2xinvestor.in/node_modules/multer/index.js:44:7)
    at Multipart.<anonymous> (/home9/opsrealt1/itarahome.2xinvestor.in/node_modules/multer/lib/make-middleware.js:132:7)
    at Multipart.emit (node:events:518:28)
    at HeaderParser.cb (/home9/opsrealt1/itarahome.2xinvestor.in/node_modules/busboy/lib/types/multipart.js:358:14)
    at HeaderParser.push (/home9/opsrealt1/itarahome.2xinvestor.in/node_modules/busboy/lib/types/multipart.js:162:20)
    at SBMH.ssCb [as _cb] (/home9/opsrealt1/itarahome.2xinvestor.in/node_modules/busboy/lib/types/multipart.js:394:37)
    at feed (/home9/opsrealt1/itarahome.2xinvestor.in/node_modules/streamsearch/lib/sbmh.js:248:10)
    at SBMH.push (/home9/opsrealt1/itarahome.2xinvestor.in/node_modules/streamsearch/lib/sbmh.js:104:16)
    at Multipart._write (/home9/opsrealt1/itarahome.2xinvestor.in/node_modules/busboy/lib/types/multipart.js:567:19)
